<?xml version="1.0" encoding="UTF-8"?>
<!-- Generated by org.testng.reporters.JUnitReportReporter -->
<testsuite hostname="NU14A1" failures="0" tests="1" name="Runner.testing_login" time="20.243" errors="0" timestamp="2024-03-08T17:05:03 IST" skipped="0">
  <testcase classname="Runner.testing_login" name="runScenario" time="20.243"/>
  <system-out/>
</testsuite> <!-- Runner.testing_login -->
